[2m2025-10-28T14:53:10.099807Z[0m [31mERROR[0m [2mglazewm[0m[2m:[0m Another instance of the application is already running.
[2m2025-10-28T14:55:24.201423Z[0m [31mERROR[0m [2mglazewm[0m[2m:[0m Another instance of the application is already running.
[2m2025-10-28T14:57:28.169099Z[0m [31mERROR[0m [2mglazewm[0m[2m:[0m gaps.outer_gap: invalid type: string "1px", expected struct RectDelta at line 45 column 14
[2m2025-10-28T14:59:53.162161Z[0m [31mERROR[0m [2mglazewm[0m[2m:[0m gaps.outer_gap: invalid type: string "1px", expected struct RectDelta at line 45 column 14
[2m2025-10-28T15:00:16.348643Z[0m [31mERROR[0m [2mglazewm[0m[2m:[0m gaps.outer_gap: invalid type: string "1px", expected struct RectDelta at line 45 column 14
[2m2025-10-28T15:01:03.662711Z[0m [31mERROR[0m [2mglazewm[0m[2m:[0m window_rules[0]: missing field `commands` at line 135 column 5
[2m2025-10-28T15:02:35.346408Z[0m [31mERROR[0m [2mglazewm[0m[2m:[0m did not find expected key at line 136 column 5, while parsing a block mapping at line 135 column 5
[2m2025-10-28T16:59:02.558908Z[0m [31mERROR[0m [2mglazewm[0m[2m:[0m No common ancestor between containers.
[2m2025-10-28T19:33:37.189909Z[0m [31mERROR[0m [2mglazewm[0m[2m:[0m No common ancestor between containers.
[2m2025-10-29T22:13:53.559722Z[0m [31mERROR[0m [2mglazewm[0m[2m:[0m Failed to send response: channel closed
[2m2025-10-29T22:13:53.560441Z[0m [31mERROR[0m [2mglazewm[0m[2m:[0m Failed to send response: channel closed
[2m2025-10-29T22:13:53.560609Z[0m [31mERROR[0m [2mglazewm[0m[2m:[0m Failed to send response: channel closed
[2m2025-10-30T12:35:05.718061Z[0m [31mERROR[0m [2mglazewm[0m[2m:[0m window_rules[0].match[0]: invalid type: string "window_process=\"/Taskmgr|ScreenClippingHost/\"", expected struct WindowMatchConfig at line 137 column 9
[2m2025-10-30T12:44:35.093764Z[0m [31mERROR[0m [2mglazewm[0m[2m:[0m window_rules[0].match[0]: invalid type: string "window_process=\"/Taskmgr|ScreenClippingHost/\"", expected struct WindowMatchConfig at line 137 column 9
[2m2025-10-30T12:44:56.857329Z[0m [31mERROR[0m [2mglazewm[0m[2m:[0m window_rules[0].match[0]: data did not match any variant of untagged enum MatchType at line 141 column 9
[2m2025-10-30T12:45:15.325431Z[0m [31mERROR[0m [2mglazewm[0m[2m:[0m keybindings[38].commands: unexpected argument found
 at line 273 column 15
[2m2025-10-30T12:45:23.841424Z[0m [31mERROR[0m [2mglazewm[0m[2m:[0m keybindings[38].commands: unexpected argument found
 at line 273 column 15
[2m2025-10-30T12:46:19.126381Z[0m [31mERROR[0m [2mglazewm[0m[2m:[0m keybindings[38].commands: unexpected argument found
 at line 273 column 15
[2m2025-10-31T18:55:36.378513Z[0m [31mERROR[0m [2mglazewm[0m[2m:[0m No common ancestor between containers.
[2m2025-11-03T13:30:04.365447Z[0m [31mERROR[0m [2mglazewm[0m[2m:[0m Another instance of the application is already running.
[2m2025-11-07T13:22:19.998420Z[0m [31mERROR[0m [2mglazewm[0m[2m:[0m Failed to send response: channel closed
[2m2025-11-15T00:09:14.353948Z[0m [31mERROR[0m [2mglazewm[0m[2m:[0m Failed to send response: channel closed
[2m2025-11-15T00:09:14.377075Z[0m [31mERROR[0m [2mglazewm[0m[2m:[0m Failed to send response: channel closed
[2m2025-11-15T00:09:14.378683Z[0m [31mERROR[0m [2mglazewm[0m[2m:[0m Failed to send response: channel closed
[2m2025-11-15T00:09:14.379133Z[0m [31mERROR[0m [2mglazewm[0m[2m:[0m Failed to send response: channel closed
[2m2025-11-19T05:26:22.929470Z[0m [31mERROR[0m [2mglazewm[0m[2m:[0m Failed to send response: channel closed
[2m2025-11-21T17:49:46.124675Z[0m [31mERROR[0m [2mglazewm[0m[2m:[0m No common ancestor between containers.
[2m2025-11-21T17:49:48.191996Z[0m [31mERROR[0m [2mglazewm[0m[2m:[0m Window has no workspace.
[2m2025-11-21T17:49:49.676242Z[0m [31mERROR[0m [2mglazewm[0m[2m:[0m Window has no workspace.
[2m2025-11-21T17:49:50.186064Z[0m [31mERROR[0m [2mglazewm[0m[2m:[0m Window has no workspace.
[2m2025-11-21T17:49:50.464243Z[0m [31mERROR[0m [2mglazewm[0m[2m:[0m Window has no workspace.
[2m2025-11-21T17:49:50.698545Z[0m [31mERROR[0m [2mglazewm[0m[2m:[0m Window has no workspace.
[2m2025-11-21T17:49:51.038262Z[0m [31mERROR[0m [2mglazewm[0m[2m:[0m Window has no workspace.
[2m2025-11-21T17:49:51.727106Z[0m [31mERROR[0m [2mglazewm[0m[2m:[0m Window has no workspace.
[2m2025-11-21T17:49:58.902978Z[0m [31mERROR[0m [2mglazewm[0m[2m:[0m Window has no workspace.
[2m2025-11-21T17:49:59.158586Z[0m [31mERROR[0m [2mglazewm[0m[2m:[0m Window has no workspace.
[2m2025-11-21T17:49:59.390291Z[0m [31mERROR[0m [2mglazewm[0m[2m:[0m Window has no workspace.
[2m2025-11-21T17:49:59.569877Z[0m [31mERROR[0m [2mglazewm[0m[2m:[0m Window has no workspace.
[2m2025-11-21T17:49:59.856505Z[0m [31mERROR[0m [2mglazewm[0m[2m:[0m Window has no workspace.
[2m2025-11-21T17:50:00.160950Z[0m [31mERROR[0m [2mglazewm[0m[2m:[0m Window has no workspace.
[2m2025-11-21T17:50:00.490114Z[0m [31mERROR[0m [2mglazewm[0m[2m:[0m Window has no workspace.
[2m2025-11-21T17:50:00.813192Z[0m [31mERROR[0m [2mglazewm[0m[2m:[0m Window has no workspace.
[2m2025-11-21T17:50:01.118547Z[0m [31mERROR[0m [2mglazewm[0m[2m:[0m Window has no workspace.
[2m2025-11-21T17:50:01.432556Z[0m [31mERROR[0m [2mglazewm[0m[2m:[0m Window has no workspace.
[2m2025-11-21T17:50:01.592271Z[0m [31mERROR[0m [2mglazewm[0m[2m:[0m Window has no workspace.
[2m2025-11-21T17:50:01.916938Z[0m [31mERROR[0m [2mglazewm[0m[2m:[0m Window has no workspace.
[2m2025-11-21T17:50:02.679272Z[0m [31mERROR[0m [2mglazewm[0m[2m:[0m Window has no workspace.
[2m2025-11-21T17:50:10.253900Z[0m [31mERROR[0m [2mglazewm[0m[2m:[0m Window has no workspace.
[2m2025-11-21T17:50:10.815428Z[0m [31mERROR[0m [2mglazewm[0m[2m:[0m Window has no workspace.
[2m2025-11-21T17:50:11.200862Z[0m [31mERROR[0m [2mglazewm[0m[2m:[0m Window has no workspace.
[2m2025-11-22T08:06:50.974348Z[0m [31mERROR[0m [2mglazewm[0m[2m:[0m Failed to send response: channel closed
[2m2025-11-22T08:06:50.974618Z[0m [31mERROR[0m [2mglazewm[0m[2m:[0m Failed to send response: channel closed
[2m2025-11-22T08:06:50.974878Z[0m [31mERROR[0m [2mglazewm[0m[2m:[0m Failed to send response: channel closed
[2m2025-11-25T08:19:55.763935Z[0m [31mERROR[0m [2mglazewm[0m[2m:[0m Failed to send response: channel closed
[2m2025-12-03T11:55:54.664634Z[0m [31mERROR[0m [2mglazewm[0m[2m:[0m Failed to send response: channel closed
[2m2025-12-03T11:55:54.666061Z[0m [31mERROR[0m [2mglazewm[0m[2m:[0m Failed to send response: channel closed
[2m2025-12-08T22:17:45.952362Z[0m [31mERROR[0m [2mglazewm[0m[2m:[0m No workspace config available to activate workspace.
[2m2025-12-09T00:20:51.607824Z[0m [31mERROR[0m [2mglazewm[0m[2m:[0m No Workspace
[2m2025-12-09T00:20:55.591106Z[0m [31mERROR[0m [2mglazewm[0m[2m:[0m No Workspace
[2m2025-12-09T00:21:06.405651Z[0m [31mERROR[0m [2mglazewm[0m[2m:[0m No Workspace
[2m2025-12-09T00:22:34.766376Z[0m [31mERROR[0m [2mglazewm[0m[2m:[0m No Workspace
[2m2025-12-09T00:22:36.258985Z[0m [31mERROR[0m [2mglazewm[0m[2m:[0m No Workspace
[2m2025-12-09T22:47:17.453173Z[0m [31mERROR[0m [2mglazewm[0m[2m:[0m Failed to send response: channel closed
[2m2026-01-18T08:35:07.179401Z[0m [31mERROR[0m [2mglazewm[0m[2m:[0m Failed to send response: channel closed
[2m2026-01-18T08:35:07.182009Z[0m [31mERROR[0m [2mglazewm[0m[2m:[0m Failed to send response: channel closed
[2m2026-01-18T08:35:07.182083Z[0m [31mERROR[0m [2mglazewm[0m[2m:[0m Failed to send response: channel closed
[2m2026-01-23T08:14:16.828440Z[0m [31mERROR[0m [2mglazewm[0m[2m:[0m Failed to send response: channel closed
[2m2026-01-23T08:14:16.829133Z[0m [31mERROR[0m [2mglazewm[0m[2m:[0m Failed to send response: channel closed
[2m2026-01-24T21:05:21.254998Z[0m [31mERROR[0m [2mglazewm[0m[2m:[0m Failed to send response: channel closed
[2m2026-01-24T21:05:21.255754Z[0m [31mERROR[0m [2mglazewm[0m[2m:[0m Failed to send response: channel closed
[2m2026-01-24T21:05:21.255967Z[0m [31mERROR[0m [2mglazewm[0m[2m:[0m Failed to send response: channel closed
[2m2026-01-24T21:05:21.256131Z[0m [31mERROR[0m [2mglazewm[0m[2m:[0m Failed to send response: channel closed
[2m2026-01-24T21:05:21.256357Z[0m [31mERROR[0m [2mglazewm[0m[2m:[0m Failed to send response: channel closed
